<?xml version="1.0" encoding="UTF-8"?>
<testng-results skipped="0" failed="0" total="2" passed="2">
  <reporter-output>
  </reporter-output>
  <suite name="Default suite" duration-ms="32626" started-at="2019-11-17T12:06:44Z" finished-at="2019-11-17T12:07:17Z">
    <groups>
    </groups>
    <test name="Default test" duration-ms="32626" started-at="2019-11-17T12:06:44Z" finished-at="2019-11-17T12:07:17Z">
      <class name="jenkins.NewTest">
        <test-method status="PASS" signature="launchBrowser()[pri:0, instance:jenkins.NewTest@614c5515]" name="launchBrowser" duration-ms="32595" started-at="2019-11-17T17:36:44Z" finished-at="2019-11-17T17:37:17Z">
          <reporter-output>
          </reporter-output>
        </test-method> <!-- launchBrowser -->
        <test-method status="PASS" signature="launchBrowser1()[pri:0, instance:jenkins.NewTest@614c5515]" name="launchBrowser1" duration-ms="1" started-at="2019-11-17T17:37:17Z" finished-at="2019-11-17T17:37:17Z">
          <reporter-output>
          </reporter-output>
        </test-method> <!-- launchBrowser1 -->
      </class> <!-- jenkins.NewTest -->
    </test> <!-- Default test -->
  </suite> <!-- Default suite -->
</testng-results>
