<?xml version="1.0" encoding="UTF-8"?>
<testng-results skipped="0" failed="0" total="2" passed="2">
  <reporter-output>
  </reporter-output>
  <suite name="Default suite" duration-ms="44" started-at="2019-11-16T12:37:34Z" finished-at="2019-11-16T12:37:34Z">
    <groups>
    </groups>
    <test name="Default test" duration-ms="44" started-at="2019-11-16T12:37:34Z" finished-at="2019-11-16T12:37:34Z">
      <class name="jenkins.NewTest">
        <test-method status="PASS" signature="launchBrowser()[pri:0, instance:jenkins.NewTest@18be83e4]" name="launchBrowser" duration-ms="17" started-at="2019-11-16T18:07:34Z" finished-at="2019-11-16T18:07:34Z">
          <reporter-output>
          </reporter-output>
        </test-method> <!-- launchBrowser -->
        <test-method status="PASS" signature="launchBrowser1()[pri:0, instance:jenkins.NewTest@18be83e4]" name="launchBrowser1" duration-ms="3" started-at="2019-11-16T18:07:34Z" finished-at="2019-11-16T18:07:34Z">
          <reporter-output>
          </reporter-output>
        </test-method> <!-- launchBrowser1 -->
      </class> <!-- jenkins.NewTest -->
    </test> <!-- Default test -->
  </suite> <!-- Default suite -->
</testng-results>
